0.100000 1.838935
0.200000 0.641966
0.300000 0.524000
0.400000 0.446661
0.500000 0.347009
0.600000 0.491667
0.700000 0.435101
0.800000 0.342773
0.900000 0.468060
1.000000 0.381578
1.100000 0.206159
1.200000 0.223041
1.300000 0.312892
1.400000 0.312419
1.500000 0.264910
1.600000 0.248774
1.700000 0.254439
1.800000 0.196369
1.900000 0.155119
2.000000 0.185641
2.100000 0.122001
2.200000 0.131050
2.300000 0.133162
2.400000 0.161936
2.500000 0.149550
2.600000 0.115454
2.700000 0.120140
2.800000 0.099334
2.900000 0.104024
3.000000 0.106976
3.100000 0.118326
3.200000 0.095739
3.300000 0.114882
3.400000 0.092850
3.500000 0.091846
3.600000 0.097496
3.700000 0.082110
3.800000 0.077543
3.900000 0.079747
4.000000 0.092075
4.100000 0.072693
4.200000 0.063527
4.300000 0.077004
4.400000 0.067710
4.500000 0.079834
4.600000 0.056017
4.700000 0.055666
4.800000 0.055365
4.900000 0.048630
5.000000 0.049598
5.100000 0.047772
5.200000 0.065153
5.300000 0.048200
5.400000 0.034610
5.500000 0.058103
5.600000 0.054376
5.700000 0.037350
5.800000 0.053470
5.900000 0.036720
6.000000 0.047748
6.100000 0.046971
6.200000 0.034116
6.300000 0.041695
6.400000 0.041300
6.500000 0.032713
6.600000 0.037114
6.700000 0.029976
6.800000 0.033194
6.900000 0.030849
7.000000 0.031078
7.100000 0.028146
7.200000 0.036479
7.300000 0.044402
7.400000 0.038909
7.500000 0.038719
7.600000 0.024218
7.700000 0.034957
7.800000 0.023487
7.900000 0.032810
8.000000 0.027149
8.100000 0.024019
8.200000 0.023117
8.300000 0.025505
8.400000 0.021816
8.500000 0.022750
8.600000 0.028148
8.700000 0.027668
8.800000 0.026265
8.900000 0.035096
9.000000 0.027337
9.100000 0.034079
9.200000 0.034504
9.300000 0.029167
9.400000 0.023749
9.500000 0.027672
9.600000 0.036087
9.700000 0.023590
9.800000 0.025955
9.900000 0.033360
10.000000 0.028404
10.100000 0.023109
10.200000 0.025994
10.300000 0.032283
10.400000 0.021693
10.500000 0.024652
10.600000 0.019078
10.700000 0.027654
10.800000 0.022169
10.900000 0.022909
11.000000 0.020754
11.100000 0.022963
11.200000 0.023197
11.300000 0.015211
11.400000 0.020127
11.500000 0.019724
11.600000 0.016437
11.700000 0.019325
11.800000 0.017436
11.900000 0.017039
12.000000 0.015905
12.100000 0.017435
12.200000 0.017692
12.300000 0.016929
12.400000 0.015038
12.500000 0.013194
12.600000 0.017641
12.700000 0.012555
12.800000 0.012422
12.900000 0.012978
13.000000 0.012241
13.100000 0.013319
13.200000 0.009866
13.300000 0.011138
13.400000 0.011611
13.500000 0.012232
13.600000 0.010910
13.700000 0.011173
13.800000 0.011012
13.900000 0.011579
14.000000 0.010728
14.100000 0.012065
14.200000 0.012260
14.300000 0.017866
14.400000 0.012488
14.500000 0.010283
14.600000 0.013865
14.700000 0.012370
14.800000 0.011774
14.900000 0.011905
15.000000 0.015882
15.100000 0.019360
15.200000 0.015739
15.300000 0.012455
15.400000 0.014820
15.500000 0.013052
15.600000 0.014626
15.700000 0.021891
15.800000 0.009299
15.900000 0.016697
16.000000 0.011121
16.100000 0.011604
16.200000 0.007412
16.300000 0.008309
16.400000 0.009488
16.500000 0.010182
16.600000 0.010637
16.700000 0.007559
16.800000 0.007964
16.900000 0.009584
17.000000 0.010330
17.100000 0.008776
17.200000 0.009025
17.300000 0.007751
17.400000 0.008676
17.500000 0.013594
17.600000 0.013920
17.700000 0.010204
17.800000 0.009265
17.900000 0.008852
18.000000 0.015050
18.100000 0.012802
18.200000 0.010290
18.300000 0.010792
18.400000 0.011109
18.500000 0.010141
18.600000 0.011257
18.700000 0.010708
18.800000 0.007147
18.900000 0.006914
19.000000 0.010942
19.100000 0.008683
19.200000 0.007556
19.300000 0.006990
19.400000 0.004393
19.500000 0.005552
19.600000 0.007954
19.700000 0.006935
19.800000 0.007122
19.900000 0.005700
20.000000 0.005440
20.100000 0.006851
20.200000 0.006996
20.300000 0.006027
20.400000 0.004441
20.500000 0.005023
20.600000 0.004403
20.700000 0.006472
20.800000 0.007843
20.900000 0.006065
21.000000 0.005741
21.100000 0.005571
21.200000 0.004822
21.300000 0.006193
21.400000 0.005899
21.500000 0.004133
21.600000 0.006972
21.700000 0.007218
21.800000 0.007124
21.900000 0.006069
22.000000 0.004242
22.100000 0.005942
22.200000 0.006931
22.300000 0.005166
22.400000 0.003188
22.500000 0.003947
22.600000 0.003547
22.700000 0.004521
22.800000 0.005016
22.900000 0.004667
23.000000 0.003480
23.100000 0.004310
23.200000 0.004407
23.300000 0.004077
23.400000 0.004099
23.500000 0.003525
23.600000 0.002820
23.700000 0.002332
23.800000 0.004027
23.900000 0.003771
24.000000 0.003590
24.100000 0.003341
24.200000 0.004346
24.300000 0.002989
24.400000 0.004689
24.500000 0.004710
24.600000 0.003603
24.700000 0.002894
24.800000 0.002555
24.900000 0.003380
25.000000 0.003054
25.100000 0.003845
25.200000 0.002745
25.300000 0.003842
25.400000 0.004313
25.500000 0.003978
25.600000 0.003336
25.700000 0.003505
25.800000 0.002532
25.900000 0.002668
26.000000 0.005061
26.100000 0.004325
26.200000 0.003838
26.300000 0.002703
26.400000 0.004610
26.500000 0.002352
26.600000 0.003669
26.700000 0.003365
26.800000 0.001967
26.900000 0.002163
27.000000 0.002398
27.100000 0.002038
27.200000 0.002718
27.300000 0.002562
27.400000 0.002745
27.500000 0.002128
27.600000 0.002572
27.700000 0.002806
27.800000 0.002375
27.900000 0.002455
28.000000 0.001851
28.100000 0.002177
28.200000 0.001838
28.300000 0.002608
28.400000 0.002462
28.500000 0.001402
28.600000 0.002109
28.700000 0.001399
28.800000 0.002069
28.900000 0.002000
29.000000 0.001907
29.100000 0.001487
29.200000 0.001341
29.300000 0.002317
29.400000 0.002571
29.500000 0.001823
29.600000 0.001662
29.700000 0.001316
29.800000 0.001397
29.900000 0.001440
30.000000 0.001641
30.100000 0.001421
30.200000 0.001218
30.300000 0.001295
30.400000 0.001069
30.500000 0.001463
30.600000 0.001614
30.700000 0.001285
30.800000 0.001202
30.900000 0.001623
31.000000 0.002012
31.100000 0.002037
31.200000 0.001627
31.300000 0.001183
31.400000 0.000942
