0.100000 1.842061
0.200000 0.654415
0.300000 0.267279
0.400000 0.634700
0.500000 0.419034
0.600000 0.393828
0.700000 0.323339
0.800000 0.370574
0.900000 0.242447
1.000000 0.446891
1.100000 0.367061
1.200000 0.201407
1.300000 0.347032
1.400000 0.372995
1.500000 0.256866
1.600000 0.285738
1.700000 0.245789
1.800000 0.216662
1.900000 0.240152
2.000000 0.143247
2.100000 0.177415
2.200000 0.183464
2.300000 0.167986
2.400000 0.122756
2.500000 0.134687
2.600000 0.085995
2.700000 0.121759
2.800000 0.098780
2.900000 0.107814
3.000000 0.081180
3.100000 0.101364
3.200000 0.096050
3.300000 0.103854
3.400000 0.069997
3.500000 0.101563
3.600000 0.053792
3.700000 0.089111
3.800000 0.079176
3.900000 0.053812
4.000000 0.071063
4.100000 0.043008
4.200000 0.064010
4.300000 0.062619
4.400000 0.048168
4.500000 0.041248
4.600000 0.040238
4.700000 0.048302
4.800000 0.039157
4.900000 0.040637
5.000000 0.036231
5.100000 0.032441
5.200000 0.036550
5.300000 0.036264
5.400000 0.036399
5.500000 0.031706
5.600000 0.035410
5.700000 0.031798
5.800000 0.026653
5.900000 0.033905
6.000000 0.022602
6.100000 0.023749
6.200000 0.026300
6.300000 0.022744
6.400000 0.017690
6.500000 0.019165
6.600000 0.022726
6.700000 0.022587
6.800000 0.017819
6.900000 0.015727
7.000000 0.018579
7.100000 0.022869
7.200000 0.020389
7.300000 0.018525
7.400000 0.010005
7.500000 0.018744
7.600000 0.013888
7.700000 0.010855
7.800000 0.010514
7.900000 0.010302
8.000000 0.012736
8.100000 0.012757
8.200000 0.009335
8.300000 0.009597
8.400000 0.010344
8.500000 0.010300
8.600000 0.009837
8.700000 0.008469
8.800000 0.007206
8.900000 0.008756
9.000000 0.009452
9.100000 0.011801
9.200000 0.006647
9.300000 0.008374
9.400000 0.008804
9.500000 0.006413
9.600000 0.006589
9.700000 0.005213
9.800000 0.006404
9.900000 0.006339
10.000000 0.007308
10.100000 0.005534
10.200000 0.005176
10.300000 0.005494
10.400000 0.006881
10.500000 0.005010
10.600000 0.004429
10.700000 0.004801
10.800000 0.005607
10.900000 0.007541
11.000000 0.004384
11.100000 0.006418
11.200000 0.003411
11.300000 0.007277
11.400000 0.004534
11.500000 0.005580
11.600000 0.003901
11.700000 0.003174
11.800000 0.005927
11.900000 0.005110
12.000000 0.004630
12.100000 0.003195
12.200000 0.004225
12.300000 0.004629
12.400000 0.004323
12.500000 0.003292
12.600000 0.002786
12.700000 0.004806
12.800000 0.004794
12.900000 0.003047
13.000000 0.003569
13.100000 0.003916
13.200000 0.005131
13.300000 0.003524
13.400000 0.003332
13.500000 0.001951
13.600000 0.003587
13.700000 0.003625
13.800000 0.002773
13.900000 0.002688
14.000000 0.002503
14.100000 0.004142
14.200000 0.004383
14.300000 0.002462
14.400000 0.002931
14.500000 0.002342
14.600000 0.003050
14.700000 0.002883
14.800000 0.002941
14.900000 0.002054
15.000000 0.004022
15.100000 0.002945
15.200000 0.003011
15.300000 0.002629
15.400000 0.001357
15.500000 0.002679
15.600000 0.002483
15.700000 0.002173
15.800000 0.001830
15.900000 0.001910
16.000000 0.002888
16.100000 0.002719
16.200000 0.001778
16.300000 0.001407
16.400000 0.002003
16.500000 0.001708
16.600000 0.001560
16.700000 0.001377
16.800000 0.002167
16.900000 0.002531
17.000000 0.002513
17.100000 0.002274
17.200000 0.001413
17.300000 0.001354
17.400000 0.001507
17.500000 0.001749
17.600000 0.001449
17.700000 0.001355
17.800000 0.001513
17.900000 0.001662
18.000000 0.001491
18.100000 0.001264
18.200000 0.001391
18.300000 0.001119
18.400000 0.001080
18.500000 0.001055
18.600000 0.000941
